
============================================================
Training: 100 epochs, lr=0.0003, batch=128, seq=16
============================================================

Ep   1/100 | train=1.1087 val=0.7668 | f1=0.136 mae=0.0634 slot=1.000 | lr=2.93e-04 | 13.5s
  * New best! 0.7668
Ep   2/100 | train=0.5982 val=0.3179 | f1=0.288 mae=0.0539 slot=1.000 | lr=2.71e-04 | 13.3s
  * New best! 0.3179
Ep   3/100 | train=0.0943 val=-0.1182 | f1=0.537 mae=0.0539 slot=1.000 | lr=2.38e-04 | 13.1s
  * New best! -0.1182
Ep   4/100 | train=-0.2042 val=-0.3129 | f1=0.615 mae=0.0640 slot=1.000 | lr=1.96e-04 | 13.1s
  * New best! -0.3129
Ep   5/100 | train=-0.3603 val=-0.4172 | f1=0.621 mae=0.0531 slot=1.000 | lr=1.50e-04 | 13.2s
  * New best! -0.4172
Ep   6/100 | train=-0.4440 val=-0.4819 | f1=0.644 mae=0.0517 slot=1.000 | lr=1.04e-04 | 13.2s
  * New best! -0.4819
Ep   7/100 | train=-0.4995 val=-0.5254 | f1=0.648 mae=0.0598 slot=1.000 | lr=6.18e-05 | 13.1s
  * New best! -0.5254
Ep   8/100 | train=-0.5357 val=-0.5514 | f1=0.648 mae=0.0568 slot=1.000 | lr=2.86e-05 | 13.3s
  * New best! -0.5514
Ep   9/100 | train=-0.5555 val=-0.5635 | f1=0.650 mae=0.0602 slot=1.000 | lr=7.34e-06 | 13.2s
  * New best! -0.5635
Ep  10/100 | train=-0.5630 val=-0.5657 | f1=0.650 mae=0.0569 slot=1.000 | lr=3.00e-04 | 13.1s
  * New best! -0.5657
Ep  11/100 | train=-0.6166 val=-0.6828 | f1=0.669 mae=0.0535 slot=1.000 | lr=2.98e-04 | 13.0s
  * New best! -0.6828
Ep  12/100 | train=-0.7360 val=-0.7845 | f1=0.722 mae=0.0601 slot=1.000 | lr=2.93e-04 | 13.1s
  * New best! -0.7845
Ep  13/100 | train=-0.8497 val=-0.9071 | f1=0.738 mae=0.0639 slot=1.000 | lr=2.84e-04 | 13.1s
  * New best! -0.9071
Ep  14/100 | train=-0.9605 val=-1.0179 | f1=0.752 mae=0.0668 slot=1.000 | lr=2.71e-04 | 13.2s
  * New best! -1.0179
Ep  15/100 | train=-1.0651 val=-1.1209 | f1=0.751 mae=0.0514 slot=1.000 | lr=2.56e-04 | 13.1s
  * New best! -1.1209
Ep  16/100 | train=-1.1632 val=-1.2118 | f1=0.787 mae=0.0630 slot=1.000 | lr=2.38e-04 | 13.1s
  * New best! -1.2118
Ep  17/100 | train=-1.2536 val=-1.2986 | f1=0.783 mae=0.0550 slot=1.000 | lr=2.18e-04 | 13.2s
  * New best! -1.2986
Ep  18/100 | train=-1.3393 val=-1.3818 | f1=0.791 mae=0.0691 slot=1.000 | lr=1.96e-04 | 13.1s
  * New best! -1.3818
Ep  19/100 | train=-1.4148 val=-1.4525 | f1=0.793 mae=0.0595 slot=1.000 | lr=1.73e-04 | 13.2s
  * New best! -1.4525
Ep  20/100 | train=-1.4835 val=-1.5182 | f1=0.802 mae=0.0642 slot=1.000 | lr=1.50e-04 | 13.2s
  * New best! -1.5182
Ep  21/100 | train=-1.5424 val=-1.5716 | f1=0.807 mae=0.0677 slot=1.000 | lr=1.27e-04 | 13.0s
  * New best! -1.5716
Ep  22/100 | train=-1.5932 val=-1.6179 | f1=0.812 mae=0.0636 slot=1.000 | lr=1.04e-04 | 13.1s
  * New best! -1.6179
Ep  23/100 | train=-1.6349 val=-1.6530 | f1=0.838 mae=0.0747 slot=1.000 | lr=8.19e-05 | 13.1s
  * New best! -1.6530
Ep  24/100 | train=-1.6687 val=-1.6816 | f1=0.842 mae=0.0698 slot=1.000 | lr=6.18e-05 | 13.2s
  * New best! -1.6816
Ep  25/100 | train=-1.6956 val=-1.7028 | f1=0.824 mae=0.0691 slot=1.000 | lr=4.39e-05 | 13.2s
  * New best! -1.7028
Ep  26/100 | train=-1.7148 val=-1.7204 | f1=0.843 mae=0.0700 slot=1.000 | lr=2.86e-05 | 13.1s
  * New best! -1.7204
Ep  27/100 | train=-1.7272 val=-1.7301 | f1=0.843 mae=0.0691 slot=1.000 | lr=1.63e-05 | 13.1s
  * New best! -1.7301
Ep  28/100 | train=-1.7357 val=-1.7364 | f1=0.843 mae=0.0693 slot=1.000 | lr=7.34e-06 | 13.2s
  * New best! -1.7364
Ep  29/100 | train=-1.7401 val=-1.7384 | f1=0.843 mae=0.0694 slot=1.000 | lr=1.85e-06 | 13.3s
  * New best! -1.7384
Ep  30/100 | train=-1.7416 val=-1.7395 | f1=0.843 mae=0.0697 slot=1.000 | lr=3.00e-04 | 13.1s
  * New best! -1.7395
Ep  31/100 | train=-1.7893 val=-1.8385 | f1=0.821 mae=0.0494 slot=1.000 | lr=3.00e-04 | 13.3s
  * New best! -1.8385
Ep  32/100 | train=-1.8958 val=-1.9488 | f1=0.874 mae=0.0718 slot=1.000 | lr=2.98e-04 | 13.2s
  * New best! -1.9488
Ep  33/100 | train=-1.9994 val=-2.0482 | f1=0.839 mae=0.0616 slot=1.000 | lr=2.96e-04 | 13.2s
  * New best! -2.0482
Ep  34/100 | train=-2.1070 val=-2.1547 | f1=0.842 mae=0.0651 slot=1.000 | lr=2.93e-04 | 13.3s
  * New best! -2.1547
Ep  35/100 | train=-2.2103 val=-2.2597 | f1=0.833 mae=0.0691 slot=1.000 | lr=2.89e-04 | 13.2s
  * New best! -2.2597
Ep  36/100 | train=-2.3144 val=-2.3581 | f1=0.842 mae=0.0691 slot=1.000 | lr=2.84e-04 | 13.2s
  * New best! -2.3581
Ep  37/100 | train=-2.4150 val=-2.4613 | f1=0.842 mae=0.0629 slot=1.000 | lr=2.78e-04 | 13.3s
  * New best! -2.4613
Ep  38/100 | train=-2.5150 val=-2.5583 | f1=0.840 mae=0.0628 slot=1.000 | lr=2.71e-04 | 13.2s
  * New best! -2.5583
Ep  39/100 | train=-2.6116 val=-2.6430 | f1=0.853 mae=0.0661 slot=1.000 | lr=2.64e-04 | 13.1s
  * New best! -2.6430
Ep  40/100 | train=-2.7061 val=-2.7391 | f1=0.871 mae=0.0728 slot=1.000 | lr=2.56e-04 | 13.1s
  * New best! -2.7391
Ep  41/100 | train=-2.7967 val=-2.8258 | f1=0.840 mae=0.0712 slot=1.000 | lr=2.47e-04 | 13.3s
  * New best! -2.8258
Ep  42/100 | train=-2.8851 val=-2.9180 | f1=0.843 mae=0.0622 slot=1.000 | lr=2.38e-04 | 13.1s
  * New best! -2.9180
Ep  43/100 | train=-2.9707 val=-2.9839 | f1=0.871 mae=0.0835 slot=1.000 | lr=2.28e-04 | 13.1s
  * New best! -2.9839
Ep  44/100 | train=-3.0526 val=-3.0688 | f1=0.871 mae=0.0660 slot=1.000 | lr=2.18e-04 | 13.2s
  * New best! -3.0688
Ep  45/100 | train=-3.1302 val=-3.1308 | f1=0.853 mae=0.0670 slot=1.000 | lr=2.07e-04 | 13.1s
  * New best! -3.1308
Ep  46/100 | train=-3.2042 val=-3.1974 | f1=0.871 mae=0.0764 slot=1.000 | lr=1.96e-04 | 13.2s
  * New best! -3.1974
Ep  47/100 | train=-3.2760 val=-3.2649 | f1=0.871 mae=0.0715 slot=1.000 | lr=1.85e-04 | 13.1s
  * New best! -3.2649
Ep  48/100 | train=-3.3413 val=-3.3279 | f1=0.871 mae=0.0710 slot=1.000 | lr=1.73e-04 | 13.1s
  * New best! -3.3279
Ep  49/100 | train=-3.4052 val=-3.3878 | f1=0.871 mae=0.0640 slot=1.000 | lr=1.62e-04 | 13.0s
  * New best! -3.3878
Ep  50/100 | train=-3.4638 val=-3.4825 | f1=0.875 mae=0.0643 slot=1.000 | lr=1.50e-04 | 13.1s
  * New best! -3.4825
Ep  51/100 | train=-3.5185 val=-3.4999 | f1=0.871 mae=0.0682 slot=1.000 | lr=1.38e-04 | 15.1s
  * New best! -3.4999
Ep  52/100 | train=-3.5697 val=-3.5815 | f1=0.873 mae=0.0669 slot=1.000 | lr=1.27e-04 | 13.1s
  * New best! -3.5815
Ep  53/100 | train=-3.6165 val=-3.6220 | f1=0.873 mae=0.0676 slot=1.000 | lr=1.15e-04 | 13.0s
  * New best! -3.6220
Ep  54/100 | train=-3.6590 val=-3.6676 | f1=0.873 mae=0.0638 slot=1.000 | lr=1.04e-04 | 13.0s
  * New best! -3.6676
Ep  55/100 | train=-3.6882 val=-3.6991 | f1=0.873 mae=0.0681 slot=1.000 | lr=9.26e-05 | 13.0s
  * New best! -3.6991
Ep  56/100 | train=-3.7315 val=-3.7305 | f1=0.873 mae=0.0640 slot=1.000 | lr=8.19e-05 | 13.1s
  * New best! -3.7305
Ep  57/100 | train=-3.7632 val=-3.7365 | f1=0.871 mae=0.0642 slot=1.000 | lr=7.16e-05 | 13.1s
  * New best! -3.7365
Ep  58/100 | train=-3.7904 val=-3.7757 | f1=0.873 mae=0.0607 slot=1.000 | lr=6.18e-05 | 13.2s
  * New best! -3.7757
Ep  59/100 | train=-3.8141 val=-3.7948 | f1=0.873 mae=0.0627 slot=1.000 | lr=5.26e-05 | 13.0s
  * New best! -3.7948
Ep  60/100 | train=-3.8346 val=-3.8241 | f1=0.873 mae=0.0627 slot=1.000 | lr=4.39e-05 | 13.0s
  * New best! -3.8241
Ep  61/100 | train=-3.8520 val=-3.8400 | f1=0.873 mae=0.0607 slot=1.000 | lr=3.59e-05 | 13.1s
  * New best! -3.8400
Ep  62/100 | train=-3.8662 val=-3.8511 | f1=0.873 mae=0.0614 slot=1.000 | lr=2.86e-05 | 13.1s
  * New best! -3.8511
Ep  63/100 | train=-3.8778 val=-3.8578 | f1=0.873 mae=0.0632 slot=1.000 | lr=2.21e-05 | 13.1s
  * New best! -3.8578
Ep  64/100 | train=-3.8866 val=-3.8644 | f1=0.873 mae=0.0624 slot=1.000 | lr=1.63e-05 | 13.0s
  * New best! -3.8644
Ep  65/100 | train=-3.8935 val=-3.8739 | f1=0.873 mae=0.0618 slot=1.000 | lr=1.14e-05 | 13.1s
  * New best! -3.8739
Ep  66/100 | train=-3.8986 val=-3.8730 | f1=0.873 mae=0.0622 slot=1.000 | lr=7.34e-06 | 13.4s
Ep  67/100 | train=-3.9020 val=-3.8798 | f1=0.873 mae=0.0636 slot=1.000 | lr=4.14e-06 | 13.2s
  * New best! -3.8798
Ep  68/100 | train=-3.9039 val=-3.8802 | f1=0.873 mae=0.0615 slot=1.000 | lr=1.85e-06 | 13.3s
  * New best! -3.8802
Ep  69/100 | train=-3.9051 val=-3.8785 | f1=0.873 mae=0.0611 slot=1.000 | lr=4.62e-07 | 13.4s
Ep  70/100 | train=-3.9055 val=-3.8800 | f1=0.873 mae=0.0614 slot=1.000 | lr=3.00e-04 | 13.3s
Ep  71/100 | train=-3.9255 val=-3.9099 | f1=0.868 mae=0.0695 slot=1.000 | lr=3.00e-04 | 13.2s
  * New best! -3.9099
Ep  72/100 | train=-4.0381 val=-4.0781 | f1=0.873 mae=0.0579 slot=1.000 | lr=3.00e-04 | 13.2s
  * New best! -4.0781
Ep  73/100 | train=-4.1587 val=-4.1979 | f1=0.842 mae=0.0620 slot=1.000 | lr=2.99e-04 | 13.5s
  * New best! -4.1979
Ep  74/100 | train=-4.2677 val=-4.2554 | f1=0.871 mae=0.0575 slot=1.000 | lr=2.98e-04 | 13.3s
  * New best! -4.2554
Ep  75/100 | train=-4.3717 val=-4.3265 | f1=0.871 mae=0.0560 slot=1.000 | lr=2.97e-04 | 13.5s
  * New best! -4.3265
Ep  76/100 | train=-4.4742 val=-4.4190 | f1=0.871 mae=0.0628 slot=1.000 | lr=2.96e-04 | 13.4s
  * New best! -4.4190
Ep  77/100 | train=-4.5781 val=-4.5201 | f1=0.853 mae=0.0630 slot=1.000 | lr=2.94e-04 | 13.5s
  * New best! -4.5201
Ep  78/100 | train=-4.6869 val=-4.5947 | f1=0.871 mae=0.0577 slot=1.000 | lr=2.93e-04 | 15.8s
  * New best! -4.5947
Ep  79/100 | train=-4.7908 val=-4.8068 | f1=0.873 mae=0.0512 slot=1.000 | lr=2.91e-04 | 14.2s
  * New best! -4.8068
Ep  80/100 | train=-4.8949 val=-4.8721 | f1=0.873 mae=0.0520 slot=1.000 | lr=2.89e-04 | 14.0s
  * New best! -4.8721
Ep  81/100 | train=-4.9974 val=-4.9536 | f1=0.871 mae=0.0524 slot=1.000 | lr=2.86e-04 | 14.1s
  * New best! -4.9536
Ep  82/100 | train=-5.0980 val=-5.0601 | f1=0.871 mae=0.0614 slot=1.000 | lr=2.84e-04 | 14.2s
  * New best! -5.0601
Ep  83/100 | train=-5.1977 val=-5.1570 | f1=0.871 mae=0.0603 slot=1.000 | lr=2.81e-04 | 14.0s
  * New best! -5.1570
Ep  84/100 | train=-5.2907 val=-5.3051 | f1=0.873 mae=0.0527 slot=1.000 | lr=2.78e-04 | 14.1s
  * New best! -5.3051
Ep  85/100 | train=-5.3929 val=-5.2728 | f1=0.871 mae=0.0529 slot=1.000 | lr=2.75e-04 | 13.9s
Ep  86/100 | train=-5.4920 val=-5.3858 | f1=0.871 mae=0.0494 slot=1.000 | lr=2.71e-04 | 14.0s
  * New best! -5.3858
Ep  87/100 | train=-5.5892 val=-5.5166 | f1=0.871 mae=0.0521 slot=1.000 | lr=2.68e-04 | 14.1s
  * New best! -5.5166
Ep  88/100 | train=-5.6647 val=-5.5877 | f1=0.871 mae=0.0604 slot=1.000 | lr=2.64e-04 | 14.0s
  * New best! -5.5877
Ep  89/100 | train=-5.7739 val=-5.7148 | f1=0.871 mae=0.0502 slot=1.000 | lr=2.60e-04 | 14.0s
  * New best! -5.7148
Ep  90/100 | train=-5.8639 val=-5.7986 | f1=0.873 mae=0.0468 slot=1.000 | lr=2.56e-04 | 14.0s
  * New best! -5.7986
Ep  91/100 | train=-5.9563 val=-5.8712 | f1=0.853 mae=0.0493 slot=1.000 | lr=2.52e-04 | 14.2s
  * New best! -5.8712
Ep  92/100 | train=-6.0480 val=-5.9752 | f1=0.873 mae=0.0536 slot=1.000 | lr=2.47e-04 | 14.1s
  * New best! -5.9752
Ep  93/100 | train=-6.1293 val=-6.0579 | f1=0.853 mae=0.0542 slot=1.000 | lr=2.43e-04 | 14.0s
  * New best! -6.0579
Ep  94/100 | train=-6.2221 val=-6.1300 | f1=0.871 mae=0.0559 slot=1.000 | lr=2.38e-04 | 14.1s
  * New best! -6.1300
Ep  95/100 | train=-6.3059 val=-6.2617 | f1=0.871 mae=0.0488 slot=1.000 | lr=2.33e-04 | 14.1s
  * New best! -6.2617
Ep  96/100 | train=-6.3889 val=-6.2145 | f1=0.871 mae=0.0513 slot=1.000 | lr=2.28e-04 | 14.1s
Ep  97/100 | train=-6.4702 val=-6.2980 | f1=0.871 mae=0.0480 slot=1.000 | lr=2.23e-04 | 14.1s
  * New best! -6.2980
Ep  98/100 | train=-6.5498 val=-6.4726 | f1=0.871 mae=0.0541 slot=1.000 | lr=2.18e-04 | 14.2s
  * New best! -6.4726
Ep  99/100 | train=-6.6268 val=-6.4650 | f1=0.871 mae=0.0548 slot=1.000 | lr=2.13e-04 | 14.1s
Ep 100/100 | train=-6.7028 val=-6.6540 | f1=0.871 mae=0.0554 slot=1.000 | lr=2.07e-04 | 14.1s
  * New best! -6.6540

============================================================
Final test
============================================================
  Loss=-6.6827 F1=0.8745 MAE=0.0552 CosSim=0.9944 SlotAcc=1.0000
        W: 0.9994
        S: 1.0000
        A: 1.0000
        D: 1.0000
    Space: 1.0000
     Ctrl: 1.0000
      LKM: 0.9969
      RKM: 0.0000
